<?xml version="1.0" encoding="UTF-8"?>
<testng-results skipped="0" failed="0" ignored="0" total="2" passed="2">
  <reporter-output>
  </reporter-output>
  <suite name="Default suite" duration-ms="49314" started-at="2019-01-24T11:25:23Z" finished-at="2019-01-24T11:26:12Z">
    <groups>
    </groups>
    <test name="Default test" duration-ms="49314" started-at="2019-01-24T11:25:23Z" finished-at="2019-01-24T11:26:12Z">
      <class name="com.crm.qa.testcases.DealsPageTest">
        <test-method status="PASS" signature="setUp()[pri:0, instance:com.crm.qa.testcases.DealsPageTest@5e5792a0]" name="setUp" is-config="true" duration-ms="19007" started-at="2019-01-24T16:55:23Z" finished-at="2019-01-24T16:55:42Z">
          <reporter-output>
          </reporter-output>
        </test-method> <!-- setUp -->
        <test-method status="PASS" signature="validatecreateNewDeal(java.lang.String, java.lang.String, java.lang.String)[pri:1, instance:com.crm.qa.testcases.DealsPageTest@5e5792a0]" name="validatecreateNewDeal" duration-ms="2615" started-at="2019-01-24T16:55:42Z" data-provider="getCRMTestData1" finished-at="2019-01-24T16:55:45Z">
          <params>
            <param index="0">
              <value>
                <![CDATA[test1]]>
              </value>
            </param>
            <param index="1">
              <value>
                <![CDATA[test3]]>
              </value>
            </param>
            <param index="2">
              <value>
                <![CDATA[10.0]]>
              </value>
            </param>
          </params>
          <reporter-output>
          </reporter-output>
        </test-method> <!-- validatecreateNewDeal -->
        <test-method status="PASS" signature="tearDown()[pri:0, instance:com.crm.qa.testcases.DealsPageTest@5e5792a0]" name="tearDown" is-config="true" duration-ms="825" started-at="2019-01-24T16:55:45Z" finished-at="2019-01-24T16:55:46Z">
          <reporter-output>
          </reporter-output>
        </test-method> <!-- tearDown -->
        <test-method status="PASS" signature="setUp()[pri:0, instance:com.crm.qa.testcases.DealsPageTest@5e5792a0]" name="setUp" is-config="true" duration-ms="22509" started-at="2019-01-24T16:55:46Z" finished-at="2019-01-24T16:56:08Z">
          <reporter-output>
          </reporter-output>
        </test-method> <!-- setUp -->
        <test-method status="PASS" signature="validatecreateNewDeal(java.lang.String, java.lang.String, java.lang.String)[pri:1, instance:com.crm.qa.testcases.DealsPageTest@5e5792a0]" name="validatecreateNewDeal" duration-ms="3075" started-at="2019-01-24T16:56:08Z" data-provider="getCRMTestData1" finished-at="2019-01-24T16:56:11Z">
          <params>
            <param index="0">
              <value>
                <![CDATA[tr]]>
              </value>
            </param>
            <param index="1">
              <value>
                <![CDATA[tr]]>
              </value>
            </param>
            <param index="2">
              <value>
                <![CDATA[10.11]]>
              </value>
            </param>
          </params>
          <reporter-output>
          </reporter-output>
        </test-method> <!-- validatecreateNewDeal -->
        <test-method status="PASS" signature="tearDown()[pri:0, instance:com.crm.qa.testcases.DealsPageTest@5e5792a0]" name="tearDown" is-config="true" duration-ms="860" started-at="2019-01-24T16:56:11Z" finished-at="2019-01-24T16:56:12Z">
          <reporter-output>
          </reporter-output>
        </test-method> <!-- tearDown -->
      </class> <!-- com.crm.qa.testcases.DealsPageTest -->
    </test> <!-- Default test -->
  </suite> <!-- Default suite -->
</testng-results>
