<?xml version="1.0" encoding="UTF-8"?>
<!-- Generated by org.testng.reporters.JUnitXMLReporter -->
<testsuite hostname="SCS-R02" ignored="0" name="Free CRM Application test case" tests="2" failures="0" timestamp="24 Jan 2019 05:21:18 GMT" time="56.578" errors="0">
  <testcase name="validatecreateNewDeal" time="5.839" classname="com.crm.qa.testcases.DealsPageTest"/>
  <testcase name="validatecreateNewDeal" time="6.0" classname="com.crm.qa.testcases.DealsPageTest"/>
</testsuite> <!-- Free CRM Application test case -->
